Sorted array is:
0
0
2
3
3
4
4
5
5
5
7
8
8
8
9
9
10
10
11
11
12
12
12
13
13
14
14
14
14
15
15
15
15
18
18
18
18
18
19
21
21
21
21
21
22
22
22
23
23
23
23
23
23
25
25
26
26
27
27
28
28
28
29
29
30
30
30
31
31
31
31
31
32
32
33
33
33
34
34
36
38
38
38
38
39
40
40
40
40
41
41
41
43
43
44
44
44
45
45
46
46
47
48
48
49
49
49
50
51
52
52
53
54
55
55
55
55
55
56
56
57
57
57
58
58
60
61
61
63
64
65
65
67
67
67
68
68
69
69
70
70
70
70
71
71
71
73
73
73
73
76
76
77
78
78
79
79
81
81
81
82
82
82
82
84
84
84
85
85
86
86
86
88
89
89
91
91
92
92
92
93
94
94
95
95
95
95
97
98
98
99
99
99
99
100
100
100
101
101
102
103
104
105
105
105
106
107
107
107
107
108
108
109
109
109
110
110
111
112
112
113
114
114
114
114
115
115
116
117
117
119
119
119
119
119
120
120
121
121
121
122
122
122
124
124
126
126
126
126
127
127
128
128
128
128
129
129
132
132
132
132
133
134
134
134
134
135
135
136
136
137
137
137
138
138
138
139
139
139
139
140
140
142
142
142
144
145
145
146
147
147
148
149
149
150
152
153
154
155
155
155
156
156
157
158
159
160
161
163
164
164
165
165
165
167
169
169
169
170
170
173
174
175
176
177
178
178
178
178
180
180
180
181
182
182
182
182
183
183
183
183
183
184
185
185
185
186
187
188
188
188
188
188
189
189
189
190
190
191
191
191
192
192
192
193
193
194
194
195
195
195
195
195
195
196
196
196
196
197
198
198
199
200
200
200
201
201
201
202
202
202
203
205
205
206
207
208
208
208
208
208
208
208
209
210
210
210
210
210
211
211
211
212
213
213
214
214
215
216
217
217
217
217
218
218
219
219
220
221
221
222
222
222
222
223
223
225
225
225
227
227
227
228
229
229
230
230
230
231
231
232
233
234
234
234
234
234
236
236
237
238
238
238
239
239
239
240
240
240
241
242
243
243
244
244
244
245
246
246
246
247
247
248
249
250
251
252
252
252
253
253
253
254
255
255
255
256
256
256
258
258
258
259
259
260
260
260
261
262
262
263
264
264
265
265
265
266
266
266
267
268
268
268
269
270
270
270
271
271
272
272
273
273
274
275
275
275
276
276
277
278
278
280
280
280
281
281
281
283
283
283
284
285
285
285
285
286
286
286
287
287
287
288
288
289
289
289
290
290
290
290
290
291
291
292
292
294
294
294
295
295
295
295
295
295
296
297
298
298
298
298
298
298
299
299
299
301
302
302
302
303
303
303
303
303
304
304
305
305
305
305
306
307
307
307
307
307
308
308
309
309
312
312
312
312
312
314
315
315
317
318
318
318
318
318
319
320
321
321
322
322
323
323
323
324
324
324
325
325
326
327
328
328
329
330
330
330
330
331
331
331
331
331
332
332
333
333
333
334
334
334
335
336
336
337
338
338
340
343
343
343
343
344
344
344
344
344
345
345
345
345
345
346
346
347
347
347
348
348
348
348
348
349
350
351
351
352
352
353
353
353
353
354
355
356
357
357
358
358
358
359
359
359
359
361
362
364
365
365
365
366
368
368
368
368
369
369
369
369
371
371
371
372
372
372
373
374
374
375
375
375
375
375
376
376
377
378
379
379
379
379
380
381
382
382
382
383
383
384
384
385
386
386
386
388
389
389
389
390
390
390
391
391
391
392
392
393
394
394
394
394
395
397
398
398
400
400
401
401
402
404
404
404
404
404
405
406
407
407
408
408
408
408
409
409
409
410
411
411
412
412
412
413
413
413
415
415
416
416
416
417
417
419
419
420
420
420
422
422
422
423
423
424
425
426
426
427
428
429
430
431
431
432
433
433
433
434
434
435
436
436
437
437
438
438
439
439
439
439
439
440
441
441
441
441
441
441
441
442
442
442
442
442
442
443
443
443
443
443
443
444
446
446
446
447
447
447
448
448
448
449
449
450
450
452
452
453
453
453
453
453
453
454
454
454
454
455
455
455
456
456
456
456
456
457
457
459
459
459
460
460
461
461
461
462
464
465
465
466
466
467
467
467
468
468
469
470
472
472
472
473
474
474
475
475
475
476
476
476
476
476
477
477
477
478
478
479
480
481
483
483
483
484
484
484
485
486
487
487
488
489
490
491
491
491
492
492
493
493
494
496
496
497
497
497
497
498
498
499
499
0.12195754051208496
